<?xml version="1.0" encoding="UTF-8"?>
<coverage generated="1669134016044" clover="3.2.0">
  <project timestamp="1669134016044" name="All files">
    <metrics statements="26" coveredstatements="26" conditionals="4" coveredconditionals="2" methods="12" coveredmethods="11" elements="42" coveredelements="39" complexity="0" loc="26" ncloc="26" packages="4" files="6" classes="6"/>
    <package name="components.Login">
      <metrics statements="6" coveredstatements="6" conditionals="1" coveredconditionals="0" methods="2" coveredmethods="2"/>
      <file name="index.styles.tsx" path="/Users/arjun.a.teotia/Training/AwesomeTSProject/src/components/Login/index.styles.tsx">
        <metrics statements="1" coveredstatements="1" conditionals="0" coveredconditionals="0" methods="0" coveredmethods="0"/>
        <line num="3" count="3" type="stmt"/>
      </file>
      <file name="index.tsx" path="/Users/arjun.a.teotia/Training/AwesomeTSProject/src/components/Login/index.tsx">
        <metrics statements="5" coveredstatements="5" conditionals="1" coveredconditionals="0" methods="2" coveredmethods="2"/>
        <line num="17" count="3" type="stmt"/>
        <line num="23" count="4" type="stmt"/>
        <line num="24" count="4" type="stmt"/>
        <line num="25" count="4" type="stmt"/>
        <line num="44" count="1" type="stmt"/>
      </file>
    </package>
    <package name="components.Profile">
      <metrics statements="3" coveredstatements="3" conditionals="3" coveredconditionals="2" methods="1" coveredmethods="1"/>
      <file name="index.styles.tsx" path="/Users/arjun.a.teotia/Training/AwesomeTSProject/src/components/Profile/index.styles.tsx">
        <metrics statements="1" coveredstatements="1" conditionals="0" coveredconditionals="0" methods="0" coveredmethods="0"/>
        <line num="3" count="2" type="stmt"/>
      </file>
      <file name="index.tsx" path="/Users/arjun.a.teotia/Training/AwesomeTSProject/src/components/Profile/index.tsx">
        <metrics statements="2" coveredstatements="2" conditionals="3" coveredconditionals="2" methods="1" coveredmethods="1"/>
        <line num="15" count="2" type="cond" truecount="1" falsecount="0"/>
        <line num="16" count="1" type="stmt"/>
      </file>
    </package>
    <package name="screens.LoginScreen">
      <metrics statements="9" coveredstatements="9" conditionals="0" coveredconditionals="0" methods="5" coveredmethods="4"/>
      <file name="index.tsx" path="/Users/arjun.a.teotia/Training/AwesomeTSProject/src/screens/LoginScreen/index.tsx">
        <metrics statements="9" coveredstatements="9" conditionals="0" coveredconditionals="0" methods="5" coveredmethods="4"/>
        <line num="14" count="1" type="stmt"/>
        <line num="15" count="3" type="stmt"/>
        <line num="16" count="3" type="stmt"/>
        <line num="17" count="1" type="stmt"/>
        <line num="20" count="3" type="stmt"/>
        <line num="21" count="1" type="stmt"/>
        <line num="24" count="1" type="stmt"/>
        <line num="25" count="1" type="stmt"/>
        <line num="33" count="3" type="stmt"/>
      </file>
    </package>
    <package name="screens.SplashScreen">
      <metrics statements="8" coveredstatements="8" conditionals="0" coveredconditionals="0" methods="4" coveredmethods="4"/>
      <file name="index.tsx" path="/Users/arjun.a.teotia/Training/AwesomeTSProject/src/screens/SplashScreen/index.tsx">
        <metrics statements="8" coveredstatements="8" conditionals="0" coveredconditionals="0" methods="4" coveredmethods="4"/>
        <line num="11" count="1" type="stmt"/>
        <line num="12" count="1" type="stmt"/>
        <line num="14" count="1" type="stmt"/>
        <line num="15" count="1" type="stmt"/>
        <line num="16" count="1" type="stmt"/>
        <line num="25" count="1" type="stmt"/>
        <line num="26" count="1" type="stmt"/>
        <line num="29" count="1" type="stmt"/>
      </file>
    </package>
  </project>
</coverage>
