{"/Users/arjun.a.teotia/Training/AwesomeTSProject/src/components/Login/index.styles.tsx": {"path":"/Users/arjun.a.teotia/Training/AwesomeTSProject/src/components/Login/index.styles.tsx","statementMap":{"0":{"start":{"line":3,"column":15},"end":{"line":29,"column":2}}},"fnMap":{},"branchMap":{},"s":{"0":2},"f":{},"b":{},"_coverageSchema":"1a1c01bbd47fc00a2c39e90264f33305004495a9","hash":"bf17bcf4336cafa453366c747f3aa537559c5469"}
,"/Users/arjun.a.teotia/Training/AwesomeTSProject/src/components/Login/index.tsx": {"path":"/Users/arjun.a.teotia/Training/AwesomeTSProject/src/components/Login/index.tsx","statementMap":{"0":{"start":{"line":17,"column":14},"end":{"line":49,"column":1}},"1":{"start":{"line":23,"column":28},"end":{"line":23,"column":54}},"2":{"start":{"line":24,"column":34},"end":{"line":24,"column":60}},"3":{"start":{"line":25,"column":2},"end":{"line":48,"column":4}},"4":{"start":{"line":40,"column":41},"end":{"line":40,"column":70}}},"fnMap":{"0":{"name":"(anonymous_0)","decl":{"start":{"line":17,"column":14},"end":{"line":17,"column":15}},"loc":{"start":{"line":22,"column":32},"end":{"line":49,"column":1}},"line":22},"1":{"name":"(anonymous_1)","decl":{"start":{"line":40,"column":35},"end":{"line":40,"column":36}},"loc":{"start":{"line":40,"column":41},"end":{"line":40,"column":70}},"line":40}},"branchMap":{"0":{"loc":{"start":{"line":18,"column":2},"end":{"line":18,"column":22}},"type":"default-arg","locations":[{"start":{"line":18,"column":13},"end":{"line":18,"column":22}}],"line":18}},"s":{"0":2,"1":1,"2":1,"3":1,"4":0},"f":{"0":1,"1":0},"b":{"0":[0]},"_coverageSchema":"1a1c01bbd47fc00a2c39e90264f33305004495a9","hash":"f46f5c4488cd267b05114b73d2bd803e83c493c6"}
,"/Users/arjun.a.teotia/Training/AwesomeTSProject/src/components/Profile/index.styles.tsx": {"path":"/Users/arjun.a.teotia/Training/AwesomeTSProject/src/components/Profile/index.styles.tsx","statementMap":{"0":{"start":{"line":3,"column":15},"end":{"line":17,"column":2}}},"fnMap":{},"branchMap":{},"s":{"0":1},"f":{},"b":{},"_coverageSchema":"1a1c01bbd47fc00a2c39e90264f33305004495a9","hash":"8be2fcbcee0636aca9577fc7346f9bb60e618b94"}
,"/Users/arjun.a.teotia/Training/AwesomeTSProject/src/components/Profile/index.tsx": {"path":"/Users/arjun.a.teotia/Training/AwesomeTSProject/src/components/Profile/index.tsx","statementMap":{"0":{"start":{"line":15,"column":40},"end":{"line":33,"column":1}},"1":{"start":{"line":16,"column":2},"end":{"line":32,"column":4}}},"fnMap":{"0":{"name":"(anonymous_0)","decl":{"start":{"line":15,"column":40},"end":{"line":15,"column":41}},"loc":{"start":{"line":15,"column":77},"end":{"line":33,"column":1}},"line":15}},"branchMap":{"0":{"loc":{"start":{"line":15,"column":42},"end":{"line":15,"column":62}},"type":"default-arg","locations":[{"start":{"line":15,"column":53},"end":{"line":15,"column":62}}],"line":15},"1":{"loc":{"start":{"line":19,"column":7},"end":{"line":30,"column":7}},"type":"cond-expr","locations":[{"start":{"line":20,"column":8},"end":{"line":27,"column":11}},{"start":{"line":29,"column":8},"end":{"line":29,"column":44}}],"line":19}},"s":{"0":1,"1":1},"f":{"0":1},"b":{"0":[1],"1":[0,1]},"_coverageSchema":"1a1c01bbd47fc00a2c39e90264f33305004495a9","hash":"897ca72d9945cb5174efa92ee392d5462cf28357"}
,"/Users/arjun.a.teotia/Training/AwesomeTSProject/src/screens/SplashScreen/index.tsx": {"path":"/Users/arjun.a.teotia/Training/AwesomeTSProject/src/screens/SplashScreen/index.tsx","statementMap":{"0":{"start":{"line":11,"column":21},"end":{"line":32,"column":1}},"1":{"start":{"line":12,"column":21},"end":{"line":12,"column":57}},"2":{"start":{"line":14,"column":2},"end":{"line":23,"column":19}},"3":{"start":{"line":15,"column":4},"end":{"line":15,"column":22}},"4":{"start":{"line":16,"column":4},"end":{"line":22,"column":13}},"5":{"start":{"line":17,"column":6},"end":{"line":21,"column":7}},"6":{"start":{"line":18,"column":8},"end":{"line":18,"column":67}},"7":{"start":{"line":20,"column":8},"end":{"line":20,"column":65}},"8":{"start":{"line":24,"column":26},"end":{"line":26,"column":3}},"9":{"start":{"line":25,"column":4},"end":{"line":25,"column":57}},"10":{"start":{"line":27,"column":20},"end":{"line":29,"column":3}},"11":{"start":{"line":28,"column":4},"end":{"line":28,"column":30}},"12":{"start":{"line":31,"column":2},"end":{"line":31,"column":60}}},"fnMap":{"0":{"name":"(anonymous_0)","decl":{"start":{"line":11,"column":21},"end":{"line":11,"column":22}},"loc":{"start":{"line":11,"column":41},"end":{"line":32,"column":1}},"line":11},"1":{"name":"(anonymous_1)","decl":{"start":{"line":14,"column":12},"end":{"line":14,"column":13}},"loc":{"start":{"line":14,"column":18},"end":{"line":23,"column":3}},"line":14},"2":{"name":"(anonymous_2)","decl":{"start":{"line":16,"column":15},"end":{"line":16,"column":16}},"loc":{"start":{"line":16,"column":21},"end":{"line":22,"column":5}},"line":16},"3":{"name":"(anonymous_3)","decl":{"start":{"line":24,"column":26},"end":{"line":24,"column":27}},"loc":{"start":{"line":24,"column":38},"end":{"line":26,"column":3}},"line":24},"4":{"name":"(anonymous_4)","decl":{"start":{"line":27,"column":20},"end":{"line":27,"column":21}},"loc":{"start":{"line":27,"column":26},"end":{"line":29,"column":3}},"line":27}},"branchMap":{"0":{"loc":{"start":{"line":17,"column":6},"end":{"line":21,"column":7}},"type":"if","locations":[{"start":{"line":17,"column":6},"end":{"line":21,"column":7}},{"start":{"line":19,"column":13},"end":{"line":21,"column":7}}],"line":17}},"s":{"0":1,"1":1,"2":1,"3":1,"4":1,"5":1,"6":1,"7":0,"8":1,"9":1,"10":1,"11":1,"12":1},"f":{"0":1,"1":1,"2":1,"3":1,"4":1},"b":{"0":[1,0]},"_coverageSchema":"1a1c01bbd47fc00a2c39e90264f33305004495a9","hash":"d02759c9533d524bdcdbf6a4d4559a400b26ffe2"}
}
