{"/Users/arjun.a.teotia/Training/AwesomeTSProject/src/api/getPokemon/index.ts": {"path":"/Users/arjun.a.teotia/Training/AwesomeTSProject/src/api/getPokemon/index.ts","statementMap":{"0":{"start":{"line":3,"column":16},"end":{"line":5,"column":1}},"1":{"start":{"line":4,"column":2},"end":{"line":4,"column":26}},"2":{"start":{"line":7,"column":19},"end":{"line":24,"column":1}},"3":{"start":{"line":11,"column":18},"end":{"line":11,"column":45}},"4":{"start":{"line":12,"column":14},"end":{"line":12,"column":66}},"5":{"start":{"line":14,"column":17},"end":{"line":14,"column":33}},"6":{"start":{"line":15,"column":19},"end":{"line":15,"column":25}},"7":{"start":{"line":17,"column":2},"end":{"line":19,"column":3}},"8":{"start":{"line":18,"column":4},"end":{"line":18,"column":57}},"9":{"start":{"line":21,"column":19},"end":{"line":21,"column":38}},"10":{"start":{"line":23,"column":2},"end":{"line":23,"column":27}}},"fnMap":{"0":{"name":"(anonymous_0)","decl":{"start":{"line":3,"column":16},"end":{"line":3,"column":17}},"loc":{"start":{"line":3,"column":63},"end":{"line":5,"column":1}},"line":3},"1":{"name":"(anonymous_1)","decl":{"start":{"line":7,"column":19},"end":{"line":7,"column":20}},"loc":{"start":{"line":10,"column":25},"end":{"line":24,"column":1}},"line":10}},"branchMap":{"0":{"loc":{"start":{"line":8,"column":2},"end":{"line":8,"column":21}},"type":"default-arg","locations":[{"start":{"line":8,"column":19},"end":{"line":8,"column":21}}],"line":8},"1":{"loc":{"start":{"line":9,"column":2},"end":{"line":9,"column":20}},"type":"default-arg","locations":[{"start":{"line":9,"column":18},"end":{"line":9,"column":20}}],"line":9},"2":{"loc":{"start":{"line":17,"column":2},"end":{"line":19,"column":3}},"type":"if","locations":[{"start":{"line":17,"column":2},"end":{"line":19,"column":3}},{"start":{},"end":{}}],"line":17}},"s":{"0":2,"1":1,"2":2,"3":2,"4":2,"5":2,"6":2,"7":2,"8":1,"9":1,"10":1},"f":{"0":1,"1":2},"b":{"0":[2],"1":[2],"2":[1,1]},"_coverageSchema":"1a1c01bbd47fc00a2c39e90264f33305004495a9","hash":"bab2eca2b5721adc72f8ba4efa74c3722b5a31da"}
,"/Users/arjun.a.teotia/Training/AwesomeTSProject/src/components/Login/index.styles.tsx": {"path":"/Users/arjun.a.teotia/Training/AwesomeTSProject/src/components/Login/index.styles.tsx","statementMap":{"0":{"start":{"line":3,"column":15},"end":{"line":29,"column":2}}},"fnMap":{},"branchMap":{},"s":{"0":5},"f":{},"b":{},"_coverageSchema":"1a1c01bbd47fc00a2c39e90264f33305004495a9","hash":"bf17bcf4336cafa453366c747f3aa537559c5469"}
,"/Users/arjun.a.teotia/Training/AwesomeTSProject/src/components/Login/index.tsx": {"path":"/Users/arjun.a.teotia/Training/AwesomeTSProject/src/components/Login/index.tsx","statementMap":{"0":{"start":{"line":17,"column":14},"end":{"line":56,"column":1}},"1":{"start":{"line":23,"column":28},"end":{"line":23,"column":54}},"2":{"start":{"line":24,"column":34},"end":{"line":24,"column":60}},"3":{"start":{"line":25,"column":2},"end":{"line":55,"column":4}},"4":{"start":{"line":44,"column":25},"end":{"line":44,"column":54}}},"fnMap":{"0":{"name":"(anonymous_0)","decl":{"start":{"line":17,"column":14},"end":{"line":17,"column":15}},"loc":{"start":{"line":22,"column":32},"end":{"line":56,"column":1}},"line":22},"1":{"name":"(anonymous_1)","decl":{"start":{"line":44,"column":19},"end":{"line":44,"column":20}},"loc":{"start":{"line":44,"column":25},"end":{"line":44,"column":54}},"line":44}},"branchMap":{},"s":{"0":5,"1":7,"2":7,"3":7,"4":2},"f":{"0":7,"1":2},"b":{},"_coverageSchema":"1a1c01bbd47fc00a2c39e90264f33305004495a9","hash":"6e48321f02d92343036305fd490d2c74882fc2de"}
,"/Users/arjun.a.teotia/Training/AwesomeTSProject/src/components/PokemonList/index.styles.ts": {"path":"/Users/arjun.a.teotia/Training/AwesomeTSProject/src/components/PokemonList/index.styles.ts","statementMap":{"0":{"start":{"line":3,"column":15},"end":{"line":18,"column":2}}},"fnMap":{},"branchMap":{},"s":{"0":4},"f":{},"b":{},"_coverageSchema":"1a1c01bbd47fc00a2c39e90264f33305004495a9","hash":"f3b2953738b2c701223f8c09e7d608244770bdec"}
,"/Users/arjun.a.teotia/Training/AwesomeTSProject/src/components/PokemonList/index.tsx": {"path":"/Users/arjun.a.teotia/Training/AwesomeTSProject/src/components/PokemonList/index.tsx","statementMap":{"0":{"start":{"line":21,"column":20},"end":{"line":48,"column":1}},"1":{"start":{"line":26,"column":2},"end":{"line":28,"column":3}},"2":{"start":{"line":27,"column":4},"end":{"line":27,"column":42}},"3":{"start":{"line":30,"column":46},"end":{"line":40,"column":3}},"4":{"start":{"line":31,"column":4},"end":{"line":39,"column":6}},"5":{"start":{"line":32,"column":47},"end":{"line":32,"column":73}},"6":{"start":{"line":42,"column":2},"end":{"line":47,"column":4}}},"fnMap":{"0":{"name":"(anonymous_0)","decl":{"start":{"line":21,"column":20},"end":{"line":21,"column":21}},"loc":{"start":{"line":25,"column":38},"end":{"line":48,"column":1}},"line":25},"1":{"name":"(anonymous_1)","decl":{"start":{"line":30,"column":46},"end":{"line":30,"column":47}},"loc":{"start":{"line":30,"column":74},"end":{"line":40,"column":3}},"line":30},"2":{"name":"(anonymous_2)","decl":{"start":{"line":32,"column":41},"end":{"line":32,"column":42}},"loc":{"start":{"line":32,"column":47},"end":{"line":32,"column":73}},"line":32}},"branchMap":{"0":{"loc":{"start":{"line":23,"column":2},"end":{"line":23,"column":29}},"type":"default-arg","locations":[{"start":{"line":23,"column":20},"end":{"line":23,"column":29}}],"line":23},"1":{"loc":{"start":{"line":24,"column":2},"end":{"line":24,"column":26}},"type":"default-arg","locations":[{"start":{"line":24,"column":17},"end":{"line":24,"column":26}}],"line":24},"2":{"loc":{"start":{"line":26,"column":2},"end":{"line":28,"column":3}},"type":"if","locations":[{"start":{"line":26,"column":2},"end":{"line":28,"column":3}},{"start":{},"end":{}}],"line":26}},"s":{"0":4,"1":13,"2":5,"3":8,"4":8,"5":1,"6":8},"f":{"0":13,"1":8,"2":1},"b":{"0":[0],"1":[0],"2":[5,8]},"_coverageSchema":"1a1c01bbd47fc00a2c39e90264f33305004495a9","hash":"93fce31f4232593d4a9331bea7a6d30734f42772"}
,"/Users/arjun.a.teotia/Training/AwesomeTSProject/src/components/Profile/index.styles.tsx": {"path":"/Users/arjun.a.teotia/Training/AwesomeTSProject/src/components/Profile/index.styles.tsx","statementMap":{"0":{"start":{"line":3,"column":15},"end":{"line":23,"column":2}}},"fnMap":{},"branchMap":{},"s":{"0":4},"f":{},"b":{},"_coverageSchema":"1a1c01bbd47fc00a2c39e90264f33305004495a9","hash":"f8c2923f00ed56f1d9123dc5beb65da7317afe48"}
,"/Users/arjun.a.teotia/Training/AwesomeTSProject/src/components/Profile/index.tsx": {"path":"/Users/arjun.a.teotia/Training/AwesomeTSProject/src/components/Profile/index.tsx","statementMap":{"0":{"start":{"line":15,"column":40},"end":{"line":37,"column":1}},"1":{"start":{"line":20,"column":2},"end":{"line":36,"column":4}}},"fnMap":{"0":{"name":"(anonymous_0)","decl":{"start":{"line":15,"column":40},"end":{"line":15,"column":41}},"loc":{"start":{"line":19,"column":6},"end":{"line":37,"column":1}},"line":19}},"branchMap":{"0":{"loc":{"start":{"line":16,"column":2},"end":{"line":16,"column":22}},"type":"default-arg","locations":[{"start":{"line":16,"column":13},"end":{"line":16,"column":22}}],"line":16},"1":{"loc":{"start":{"line":18,"column":2},"end":{"line":18,"column":25}},"type":"default-arg","locations":[{"start":{"line":18,"column":20},"end":{"line":18,"column":25}}],"line":18},"2":{"loc":{"start":{"line":21,"column":17},"end":{"line":21,"column":73}},"type":"cond-expr","locations":[{"start":{"line":21,"column":35},"end":{"line":21,"column":51}},{"start":{"line":21,"column":53},"end":{"line":21,"column":73}}],"line":21},"3":{"loc":{"start":{"line":23,"column":7},"end":{"line":34,"column":7}},"type":"cond-expr","locations":[{"start":{"line":24,"column":8},"end":{"line":31,"column":11}},{"start":{"line":33,"column":8},"end":{"line":33,"column":44}}],"line":23}},"s":{"0":4,"1":29},"f":{"0":29},"b":{"0":[1],"1":[1],"2":[28,1],"3":[28,1]},"_coverageSchema":"1a1c01bbd47fc00a2c39e90264f33305004495a9","hash":"05603b877e5fdc41f36c36127cf5c7c99c66964c"}
,"/Users/arjun.a.teotia/Training/AwesomeTSProject/src/screens/LoginScreen/index.tsx": {"path":"/Users/arjun.a.teotia/Training/AwesomeTSProject/src/screens/LoginScreen/index.tsx","statementMap":{"0":{"start":{"line":14,"column":20},"end":{"line":41,"column":1}},"1":{"start":{"line":15,"column":21},"end":{"line":15,"column":57}},"2":{"start":{"line":16,"column":26},"end":{"line":18,"column":3}},"3":{"start":{"line":17,"column":4},"end":{"line":17,"column":42}},"4":{"start":{"line":20,"column":23},"end":{"line":31,"column":3}},"5":{"start":{"line":21,"column":4},"end":{"line":30,"column":9}},"6":{"start":{"line":24,"column":8},"end":{"line":24,"column":76}},"7":{"start":{"line":25,"column":8},"end":{"line":25,"column":67}},"8":{"start":{"line":33,"column":2},"end":{"line":40,"column":4}}},"fnMap":{"0":{"name":"(anonymous_0)","decl":{"start":{"line":14,"column":20},"end":{"line":14,"column":21}},"loc":{"start":{"line":14,"column":40},"end":{"line":41,"column":1}},"line":14},"1":{"name":"(anonymous_1)","decl":{"start":{"line":16,"column":26},"end":{"line":16,"column":27}},"loc":{"start":{"line":16,"column":32},"end":{"line":18,"column":3}},"line":16},"2":{"name":"(anonymous_2)","decl":{"start":{"line":20,"column":23},"end":{"line":20,"column":24}},"loc":{"start":{"line":20,"column":39},"end":{"line":31,"column":3}},"line":20},"3":{"name":"(anonymous_3)","decl":{"start":{"line":23,"column":12},"end":{"line":23,"column":13}},"loc":{"start":{"line":23,"column":18},"end":{"line":26,"column":7}},"line":23},"4":{"name":"(anonymous_4)","decl":{"start":{"line":27,"column":13},"end":{"line":27,"column":14}},"loc":{"start":{"line":27,"column":19},"end":{"line":30,"column":7}},"line":27}},"branchMap":{},"s":{"0":1,"1":3,"2":3,"3":1,"4":3,"5":1,"6":1,"7":1,"8":3},"f":{"0":3,"1":1,"2":1,"3":1,"4":0},"b":{},"_coverageSchema":"1a1c01bbd47fc00a2c39e90264f33305004495a9","hash":"f289044bdef0778b95a505f9a7ccb70202fe25bd"}
,"/Users/arjun.a.teotia/Training/AwesomeTSProject/src/screens/ProfileScreen/index.tsx": {"path":"/Users/arjun.a.teotia/Training/AwesomeTSProject/src/screens/ProfileScreen/index.tsx","statementMap":{"0":{"start":{"line":12,"column":22},"end":{"line":82,"column":1}},"1":{"start":{"line":13,"column":30},"end":{"line":13,"column":49}},"2":{"start":{"line":14,"column":34},"end":{"line":14,"column":57}},"3":{"start":{"line":15,"column":38},"end":{"line":15,"column":62}},"4":{"start":{"line":16,"column":42},"end":{"line":16,"column":60}},"5":{"start":{"line":17,"column":21},"end":{"line":17,"column":57}},"6":{"start":{"line":19,"column":2},"end":{"line":21,"column":9}},"7":{"start":{"line":20,"column":4},"end":{"line":20,"column":23}},"8":{"start":{"line":22,"column":27},"end":{"line":39,"column":3}},"9":{"start":{"line":23,"column":4},"end":{"line":38,"column":5}},"10":{"start":{"line":24,"column":6},"end":{"line":24,"column":26}},"11":{"start":{"line":25,"column":26},"end":{"line":25,"column":50}},"12":{"start":{"line":27,"column":6},"end":{"line":31,"column":7}},"13":{"start":{"line":28,"column":8},"end":{"line":28,"column":50}},"14":{"start":{"line":32,"column":6},"end":{"line":32,"column":29}},"15":{"start":{"line":33,"column":6},"end":{"line":33,"column":27}},"16":{"start":{"line":34,"column":6},"end":{"line":34,"column":26}},"17":{"start":{"line":36,"column":6},"end":{"line":36,"column":48}},"18":{"start":{"line":37,"column":6},"end":{"line":37,"column":27}},"19":{"start":{"line":41,"column":19},"end":{"line":51,"column":3}},"20":{"start":{"line":42,"column":4},"end":{"line":44,"column":6}},"21":{"start":{"line":45,"column":4},"end":{"line":50,"column":9}},"22":{"start":{"line":53,"column":26},"end":{"line":55,"column":3}},"23":{"start":{"line":54,"column":4},"end":{"line":54,"column":58}},"24":{"start":{"line":56,"column":28},"end":{"line":70,"column":3}},"25":{"start":{"line":57,"column":4},"end":{"line":59,"column":5}},"26":{"start":{"line":58,"column":6},"end":{"line":58,"column":41}},"27":{"start":{"line":60,"column":4},"end":{"line":62,"column":5}},"28":{"start":{"line":61,"column":6},"end":{"line":61,"column":63}},"29":{"start":{"line":63,"column":4},"end":{"line":69,"column":6}},"30":{"start":{"line":72,"column":2},"end":{"line":81,"column":4}}},"fnMap":{"0":{"name":"(anonymous_0)","decl":{"start":{"line":12,"column":22},"end":{"line":12,"column":23}},"loc":{"start":{"line":12,"column":42},"end":{"line":82,"column":1}},"line":12},"1":{"name":"(anonymous_1)","decl":{"start":{"line":19,"column":12},"end":{"line":19,"column":13}},"loc":{"start":{"line":19,"column":18},"end":{"line":21,"column":3}},"line":19},"2":{"name":"(anonymous_2)","decl":{"start":{"line":22,"column":27},"end":{"line":22,"column":28}},"loc":{"start":{"line":22,"column":39},"end":{"line":39,"column":3}},"line":22},"3":{"name":"(anonymous_3)","decl":{"start":{"line":41,"column":19},"end":{"line":41,"column":20}},"loc":{"start":{"line":41,"column":31},"end":{"line":51,"column":3}},"line":41},"4":{"name":"(anonymous_4)","decl":{"start":{"line":47,"column":12},"end":{"line":47,"column":13}},"loc":{"start":{"line":47,"column":18},"end":{"line":50,"column":7}},"line":47},"5":{"name":"(anonymous_5)","decl":{"start":{"line":53,"column":26},"end":{"line":53,"column":27}},"loc":{"start":{"line":53,"column":48},"end":{"line":55,"column":3}},"line":53},"6":{"name":"(anonymous_6)","decl":{"start":{"line":56,"column":28},"end":{"line":56,"column":29}},"loc":{"start":{"line":56,"column":34},"end":{"line":70,"column":3}},"line":56}},"branchMap":{"0":{"loc":{"start":{"line":27,"column":6},"end":{"line":31,"column":7}},"type":"if","locations":[{"start":{"line":27,"column":6},"end":{"line":31,"column":7}}],"line":27},"1":{"loc":{"start":{"line":27,"column":10},"end":{"line":27,"column":33}},"type":"binary-expr","locations":[{"start":{"line":27,"column":10},"end":{"line":27,"column":18}},{"start":{"line":27,"column":22},"end":{"line":27,"column":33}}],"line":27},"2":{"loc":{"start":{"line":57,"column":4},"end":{"line":59,"column":5}},"type":"if","locations":[{"start":{"line":57,"column":4},"end":{"line":59,"column":5}},{"start":{},"end":{}}],"line":57},"3":{"loc":{"start":{"line":60,"column":4},"end":{"line":62,"column":5}},"type":"if","locations":[{"start":{"line":60,"column":4},"end":{"line":62,"column":5}},{"start":{},"end":{}}],"line":60}},"s":{"0":1,"1":28,"2":28,"3":28,"4":28,"5":28,"6":28,"7":5,"8":28,"9":5,"10":5,"11":5,"12":4,"13":4,"14":4,"15":4,"16":4,"17":1,"18":1,"19":28,"20":1,"21":1,"22":28,"23":1,"24":28,"25":28,"26":2,"27":26,"28":13,"29":13,"30":28},"f":{"0":28,"1":5,"2":5,"3":1,"4":0,"5":1,"6":28},"b":{"0":[4],"1":[4,4],"2":[2,26],"3":[13,13]},"_coverageSchema":"1a1c01bbd47fc00a2c39e90264f33305004495a9","hash":"864340e7f780d99e2271b5f820ffb68b633c22d9"}
,"/Users/arjun.a.teotia/Training/AwesomeTSProject/src/screens/RegisterScreen/index.tsx": {"path":"/Users/arjun.a.teotia/Training/AwesomeTSProject/src/screens/RegisterScreen/index.tsx","statementMap":{"0":{"start":{"line":14,"column":23},"end":{"line":57,"column":1}},"1":{"start":{"line":15,"column":21},"end":{"line":15,"column":57}},"2":{"start":{"line":17,"column":2},"end":{"line":17,"column":26}},"3":{"start":{"line":19,"column":26},"end":{"line":43,"column":3}},"4":{"start":{"line":20,"column":4},"end":{"line":42,"column":9}},"5":{"start":{"line":23,"column":8},"end":{"line":23,"column":79}},"6":{"start":{"line":24,"column":8},"end":{"line":29,"column":10}},"7":{"start":{"line":45,"column":23},"end":{"line":47,"column":3}},"8":{"start":{"line":46,"column":4},"end":{"line":46,"column":39}},"9":{"start":{"line":49,"column":2},"end":{"line":56,"column":4}}},"fnMap":{"0":{"name":"(anonymous_0)","decl":{"start":{"line":14,"column":23},"end":{"line":14,"column":24}},"loc":{"start":{"line":14,"column":43},"end":{"line":57,"column":1}},"line":14},"1":{"name":"(anonymous_1)","decl":{"start":{"line":17,"column":12},"end":{"line":17,"column":13}},"loc":{"start":{"line":17,"column":18},"end":{"line":17,"column":20}},"line":17},"2":{"name":"(anonymous_2)","decl":{"start":{"line":19,"column":26},"end":{"line":19,"column":27}},"loc":{"start":{"line":19,"column":42},"end":{"line":43,"column":3}},"line":19},"3":{"name":"(anonymous_3)","decl":{"start":{"line":22,"column":12},"end":{"line":22,"column":13}},"loc":{"start":{"line":22,"column":18},"end":{"line":30,"column":7}},"line":22},"4":{"name":"(anonymous_4)","decl":{"start":{"line":31,"column":13},"end":{"line":31,"column":14}},"loc":{"start":{"line":31,"column":22},"end":{"line":42,"column":7}},"line":31},"5":{"name":"(anonymous_5)","decl":{"start":{"line":45,"column":23},"end":{"line":45,"column":24}},"loc":{"start":{"line":45,"column":29},"end":{"line":47,"column":3}},"line":45}},"branchMap":{},"s":{"0":1,"1":3,"2":3,"3":3,"4":1,"5":1,"6":1,"7":3,"8":1,"9":3},"f":{"0":3,"1":3,"2":1,"3":1,"4":0,"5":1},"b":{},"_coverageSchema":"1a1c01bbd47fc00a2c39e90264f33305004495a9","hash":"f9b0361bd3f04a4346ba9d606ca96cfc27e05fa5"}
,"/Users/arjun.a.teotia/Training/AwesomeTSProject/src/screens/SplashScreen/index.tsx": {"path":"/Users/arjun.a.teotia/Training/AwesomeTSProject/src/screens/SplashScreen/index.tsx","statementMap":{"0":{"start":{"line":10,"column":21},"end":{"line":29,"column":1}},"1":{"start":{"line":11,"column":21},"end":{"line":11,"column":57}},"2":{"start":{"line":13,"column":2},"end":{"line":23,"column":19}},"3":{"start":{"line":14,"column":4},"end":{"line":14,"column":22}},"4":{"start":{"line":15,"column":4},"end":{"line":22,"column":13}},"5":{"start":{"line":24,"column":26},"end":{"line":26,"column":3}},"6":{"start":{"line":25,"column":4},"end":{"line":25,"column":57}},"7":{"start":{"line":28,"column":2},"end":{"line":28,"column":60}}},"fnMap":{"0":{"name":"(anonymous_0)","decl":{"start":{"line":10,"column":21},"end":{"line":10,"column":22}},"loc":{"start":{"line":10,"column":41},"end":{"line":29,"column":1}},"line":10},"1":{"name":"(anonymous_1)","decl":{"start":{"line":13,"column":12},"end":{"line":13,"column":13}},"loc":{"start":{"line":13,"column":18},"end":{"line":23,"column":3}},"line":13},"2":{"name":"(anonymous_2)","decl":{"start":{"line":15,"column":15},"end":{"line":15,"column":16}},"loc":{"start":{"line":15,"column":21},"end":{"line":22,"column":5}},"line":15},"3":{"name":"(anonymous_3)","decl":{"start":{"line":24,"column":26},"end":{"line":24,"column":27}},"loc":{"start":{"line":24,"column":38},"end":{"line":26,"column":3}},"line":24}},"branchMap":{},"s":{"0":1,"1":1,"2":1,"3":1,"4":1,"5":1,"6":1,"7":1},"f":{"0":1,"1":1,"2":1,"3":1},"b":{},"_coverageSchema":"1a1c01bbd47fc00a2c39e90264f33305004495a9","hash":"f50e5abb5490b786426bf6b3907a836d15e71e08"}
}
