TN:
SF:src/components/Login/index.styles.tsx
FNF:0
FNH:0
DA:3,3
LF:1
LH:1
BRF:0
BRH:0
end_of_record
TN:
SF:src/components/Login/index.tsx
FN:17,(anonymous_0)
FN:44,(anonymous_1)
FNF:2
FNH:2
FNDA:4,(anonymous_0)
FNDA:1,(anonymous_1)
DA:17,3
DA:23,4
DA:24,4
DA:25,4
DA:44,1
LF:5
LH:5
BRDA:18,0,0,0
BRF:1
BRH:0
end_of_record
TN:
SF:src/components/Profile/index.styles.tsx
FNF:0
FNH:0
DA:3,2
LF:1
LH:1
BRF:0
BRH:0
end_of_record
TN:
SF:src/components/Profile/index.tsx
FN:15,(anonymous_0)
FNF:1
FNH:1
FNDA:1,(anonymous_0)
DA:15,2
DA:16,1
LF:2
LH:2
BRDA:15,0,0,1
BRDA:19,1,0,0
BRDA:19,1,1,1
BRF:3
BRH:2
end_of_record
TN:
SF:src/screens/LoginScreen/index.tsx
FN:14,(anonymous_0)
FN:16,(anonymous_1)
FN:20,(anonymous_2)
FN:23,(anonymous_3)
FN:27,(anonymous_4)
FNF:5
FNH:4
FNDA:3,(anonymous_0)
FNDA:1,(anonymous_1)
FNDA:1,(anonymous_2)
FNDA:1,(anonymous_3)
FNDA:0,(anonymous_4)
DA:14,1
DA:15,3
DA:16,3
DA:17,1
DA:20,3
DA:21,1
DA:24,1
DA:25,1
DA:33,3
LF:9
LH:9
BRF:0
BRH:0
end_of_record
TN:
SF:src/screens/SplashScreen/index.tsx
FN:11,(anonymous_0)
FN:14,(anonymous_1)
FN:16,(anonymous_2)
FN:25,(anonymous_3)
FNF:4
FNH:4
FNDA:1,(anonymous_0)
FNDA:1,(anonymous_1)
FNDA:1,(anonymous_2)
FNDA:1,(anonymous_3)
DA:11,1
DA:12,1
DA:14,1
DA:15,1
DA:16,1
DA:25,1
DA:26,1
DA:29,1
LF:8
LH:8
BRF:0
BRH:0
end_of_record
